2023-04-02 02:33:14:3314 - [32minfo[39m - [32mAplicação está funcionando na porta: 3000[39m
2023-04-02 02:34:36:3436 - [31merror[39m - [31mNão foi possível conectar![39m
2023-04-02 02:34:36:3436 - [31merror[39m - [31mErro: MongooseServerSelectionError: Could not connect to any servers in your MongoDB Atlas cluster. One common reason is that you're trying to access the database from an IP that isn't whitelisted. Make sure your current IP address is on your Atlas cluster's IP whitelist: https://www.mongodb.com/docs/atlas/security-whitelist/[39m
2023-04-02 02:34:36:3436 - [32minfo[39m - [32mAplicação está funcionando na porta: 3000[39m
2023-04-02 02:35:34:3534 - [31merror[39m - [31mNão foi possível conectar![39m
2023-04-02 02:47:58:4758 - [31merror[39m - [31mNão foi possível conectar![39m
2023-04-02 02:48:59:4859 - [31merror[39m - [31mNão foi possível conectar![39m
2023-04-02 02:50:46:5046 - [31merror[39m - [31mNão foi possível conectar![39m
2023-04-02 03:04:23:423 - [31merror[39m - [31mNão foi possível conectar![39m
2023-04-02 11:18:53:1853 - [32minfo[39m - [32mConectou ao bando de dados![39m
2023-04-02 11:18:53:1853 - [32minfo[39m - [32mAplicação está funcionando na porta: 3000[39m
2023-04-02 14:20:47:2047 - [32minfo[39m - [32mConectou ao bando de dados![39m
2023-04-02 14:20:47:2047 - [32minfo[39m - [32mAplicação está funcionando na porta: 3000[39m
2023-04-02 14:21:36:2136 - [32minfo[39m - [32mConectou ao bando de dados![39m
2023-04-02 14:21:36:2136 - [32minfo[39m - [32mAplicação está funcionando na porta: 3000[39m
2023-04-02 14:21:40:2140 - [35mhttp[39m - [35mGET /api/test 200 12 - 2.870 ms[39m
[35m[39m
2023-04-02 14:30:31:3031 - [32minfo[39m - [32mConectou ao bando de dados![39m
2023-04-02 14:30:31:3031 - [32minfo[39m - [32mAplicação está funcionando na porta: 3000[39m
2023-04-02 14:31:22:3122 - [32minfo[39m - [32mConectou ao bando de dados![39m
2023-04-02 14:31:22:3122 - [32minfo[39m - [32mAplicação está funcionando na porta: 3000[39m
2023-04-02 14:32:14:3214 - [35mhttp[39m - [35mPOST /api/movie 200 23 - 2.626 ms[39m
[35m[39m
2023-04-02 14:38:35:3835 - [32minfo[39m - [32mConectou ao bando de dados![39m
2023-04-02 14:38:35:3835 - [32minfo[39m - [32mAplicação está funcionando na porta: 3000[39m
2023-04-02 14:38:58:3858 - [32minfo[39m - [32mConectou ao bando de dados![39m
2023-04-02 14:38:58:3858 - [32minfo[39m - [32mAplicação está funcionando na porta: 3000[39m
2023-04-02 14:39:23:3923 - [32minfo[39m - [32mConectou ao bando de dados![39m
2023-04-02 14:39:23:3923 - [32minfo[39m - [32mAplicação está funcionando na porta: 3000[39m
2023-04-02 14:40:25:4025 - [32minfo[39m - [32mConectou ao bando de dados![39m
2023-04-02 14:40:25:4025 - [32minfo[39m - [32mAplicação está funcionando na porta: 3000[39m
2023-04-02 14:40:53:4053 - [32minfo[39m - [32mConectou ao bando de dados![39m
2023-04-02 14:40:53:4053 - [32minfo[39m - [32mAplicação está funcionando na porta: 3000[39m
2023-04-02 14:41:21:4121 - [35mhttp[39m - [35mPOST /api/movie 201 155 - 158.891 ms[39m
[35m[39m
2023-04-02 15:28:14:2814 - [32minfo[39m - [32mConectou ao bando de dados![39m
2023-04-02 15:28:14:2814 - [32minfo[39m - [32mAplicação está funcionando na porta: 3000[39m
2023-04-02 15:29:08:298 - [32minfo[39m - [32mConectou ao bando de dados![39m
2023-04-02 15:29:08:298 - [32minfo[39m - [32mAplicação está funcionando na porta: 3000[39m
2023-04-02 15:29:32:2932 - [35mhttp[39m - [35mPOST /api/movie 201 151 - 172.918 ms[39m
[35m[39m
2023-04-02 15:34:52:3452 - [32minfo[39m - [32mConectou ao bando de dados![39m
2023-04-02 15:34:52:3452 - [32minfo[39m - [32mAplicação está funcionando na porta: 3000[39m
2023-04-02 15:34:54:3454 - [35mhttp[39m - [35mPOST /api/movie 422 296 - 9.851 ms[39m
[35m[39m
2023-04-02 15:41:57:4157 - [35mhttp[39m - [35mPOST /api/movie 201 656 - 181.919 ms[39m
[35m[39m
2023-04-02 15:45:07:457 - [32minfo[39m - [32mConectou ao bando de dados![39m
2023-04-02 15:45:07:457 - [32minfo[39m - [32mAplicação está funcionando na porta: 3000[39m
2023-04-02 15:45:24:4524 - [32minfo[39m - [32mConectou ao bando de dados![39m
2023-04-02 15:45:24:4524 - [32minfo[39m - [32mAplicação está funcionando na porta: 3000[39m
2023-04-02 15:46:22:4622 - [32minfo[39m - [32mConectou ao bando de dados![39m
2023-04-02 15:46:22:4622 - [32minfo[39m - [32mAplicação está funcionando na porta: 3000[39m
2023-04-02 15:47:15:4715 - [35mhttp[39m - [35mGET /api/movie/6429cc75cb7199edb8b5ce31 404 32 - 156.799 ms[39m
[35m[39m
2023-04-02 15:47:21:4721 - [35mhttp[39m - [35mGET /api/movie/6429cc75cb7199edb8b5ce32 200 656 - 146.423 ms[39m
[35m[39m
2023-04-02 15:49:54:4954 - [32minfo[39m - [32mConectou ao bando de dados![39m
2023-04-02 15:49:54:4954 - [32minfo[39m - [32mAplicação está funcionando na porta: 3000[39m
2023-04-02 15:50:28:5028 - [32minfo[39m - [32mConectou ao bando de dados![39m
2023-04-02 15:50:28:5028 - [32minfo[39m - [32mAplicação está funcionando na porta: 3000[39m
2023-04-02 15:50:29:5029 - [35mhttp[39m - [35mGET /api/movie 200 966 - 168.228 ms[39m
[35m[39m
2023-04-02 15:52:20:5220 - [32minfo[39m - [32mConectou ao bando de dados![39m
2023-04-02 15:52:20:5220 - [32minfo[39m - [32mAplicação está funcionando na porta: 3000[39m
2023-04-02 15:54:21:5421 - [32minfo[39m - [32mConectou ao bando de dados![39m
2023-04-02 15:54:21:5421 - [32minfo[39m - [32mAplicação está funcionando na porta: 3000[39m
2023-04-02 15:56:58:5658 - [32minfo[39m - [32mConectou ao bando de dados![39m
2023-04-02 15:56:58:5658 - [32minfo[39m - [32mAplicação está funcionando na porta: 3000[39m
2023-04-02 16:04:51:451 - [35mhttp[39m - [35mDELETE /api/movie/6429be4135834e4fbad749c5 404 32 - 157.070 ms[39m
[35m[39m
2023-04-02 16:04:57:457 - [32minfo[39m - [32mErro no sistema: movie.delete is not a function[39m
2023-04-02 16:04:57:457 - [35mhttp[39m - [35mDELETE /api/movie/6429be4135834e4fbad749c6 500 40 - 148.237 ms[39m
[35m[39m
2023-04-02 16:06:17:617 - [32minfo[39m - [32mConectou ao bando de dados![39m
2023-04-02 16:06:17:617 - [32minfo[39m - [32mAplicação está funcionando na porta: 3000[39m
2023-04-02 16:08:09:89 - [32minfo[39m - [32mConectou ao bando de dados![39m
2023-04-02 16:08:09:89 - [32minfo[39m - [32mAplicação está funcionando na porta: 3000[39m
2023-04-02 16:08:36:836 - [32minfo[39m - [32mConectou ao bando de dados![39m
2023-04-02 16:08:36:836 - [32minfo[39m - [32mAplicação está funcionando na porta: 3000[39m
2023-04-02 16:09:43:943 - [32minfo[39m - [32mConectou ao bando de dados![39m
2023-04-02 16:09:43:943 - [32minfo[39m - [32mAplicação está funcionando na porta: 3000[39m
2023-04-02 19:33:29:3329 - [32minfo[39m - [32mConectou ao bando de dados![39m
2023-04-02 19:33:29:3329 - [32minfo[39m - [32mAplicação está funcionando na porta: 3000[39m
2023-04-02 19:35:19:3519 - [32minfo[39m - [32mConectou ao bando de dados![39m
2023-04-02 19:35:19:3519 - [32minfo[39m - [32mAplicação está funcionando na porta: 3000[39m
2023-04-02 19:38:24:3824 - [32minfo[39m - [32mConectou ao bando de dados![39m
2023-04-02 19:38:24:3824 - [32minfo[39m - [32mAplicação está funcionando na porta: 3000[39m
2023-04-02 19:39:56:3956 - [32minfo[39m - [32mConectou ao bando de dados![39m
2023-04-02 19:39:56:3956 - [32minfo[39m - [32mAplicação está funcionando na porta: 3000[39m
2023-04-02 19:40:05:405 - [35mhttp[39m - [35mGET /api/movie 200 966 - 151.909 ms[39m
[35m[39m
2023-04-02 19:40:19:4019 - [35mhttp[39m - [35mDELETE /api/movie/6429be4135834e4fbad749c6 201 37 - 289.447 ms[39m
[35m[39m
2023-04-02 19:52:42:5242 - [32minfo[39m - [32mConectou ao bando de dados![39m
2023-04-02 19:52:42:5242 - [32minfo[39m - [32mAplicação está funcionando na porta: 3000[39m
2023-04-02 19:53:23:5323 - [32minfo[39m - [32mConectou ao bando de dados![39m
2023-04-02 19:53:23:5323 - [32minfo[39m - [32mAplicação está funcionando na porta: 3000[39m
2023-04-02 19:54:10:5410 - [35mhttp[39m - [35mPATCH /api/movie/6429be4135834e4fbad749c6 404 32 - 147.433 ms[39m
[35m[39m
2023-04-02 19:54:49:5449 - [32minfo[39m - [32mConectou ao bando de dados![39m
2023-04-02 19:54:49:5449 - [32minfo[39m - [32mAplicação está funcionando na porta: 3000[39m
2023-04-02 19:58:30:5830 - [35mhttp[39m - [35mPATCH /api/movie/6429c98c75b6d2004f7b3a02 200 231 - 330.932 ms[39m
[35m[39m
